#
# There is insufficient memory for the Java Runtime Environment to continue.
# Native memory allocation (malloc) failed to allocate 2009456 bytes for Chunk::new
# Possible reasons:
#   The system is out of physical RAM or swap space
#   The process is running with CompressedOops enabled, and the Java Heap may be blocking the growth of the native heap
# Possible solutions:
#   Reduce memory load on the system
#   Increase physical memory or swap space
#   Check if swap backing store is full
#   Decrease Java heap size (-Xmx/-Xms)
#   Decrease number of Java threads
#   Decrease Java thread stack sizes (-Xss)
#   Set larger code cache with -XX:ReservedCodeCacheSize=
#   JVM is running with Unscaled Compressed Oops mode in which the Java heap is
#     placed in the first 4GB address space. The Java Heap base address is the
#     maximum limit for the native heap growth. Please use -XX:HeapBaseMinAddress
#     to set the Java Heap base and to place the Java Heap above 4GB virtual address.
# This output file may be truncated or incomplete.
#
#  Out of Memory Error (allocation.cpp:389), pid=13608, tid=0x000000000000302c
#
# JRE version: OpenJDK Runtime Environment (8.0_202-b03) (build 1.8.0_202-release-1483-b03)
# Java VM: OpenJDK 64-Bit Server VM (25.202-b03 mixed mode windows-amd64 compressed oops)
# Failed to write core dump. Minidumps are not enabled by default on client versions of Windows
#

---------------  T H R E A D  ---------------

Current thread (0x0000000016589800):  JavaThread "C2 CompilerThread0" daemon [_thread_in_native, id=12332, stack(0x0000000017be0000,0x0000000017ce0000)]

Stack: [0x0000000017be0000,0x0000000017ce0000]
[error occurred during error reporting (printing stack bounds), id 0xc0000005]

Native frames: (J=compiled Java code, j=interpreted, Vv=VM code, C=native code)


Current CompileTask:
C2: 161957 15165       4       com.android.tools.r8.ir.optimize.PeepholeOptimizer::a (1322 bytes)


---------------  P R O C E S S  ---------------

Java Threads: ( => current thread )
  0x000000001fb1a000 JavaThread "WorkerExecutor Queue Thread 4" [_thread_blocked, id=20800, stack(0x000000002bf80000,0x000000002c080000)]
  0x000000001fb0e800 JavaThread "ForkJoinPool.commonPool-worker-0" daemon [_thread_blocked, id=11704, stack(0x0000000026850000,0x0000000026950000)]
  0x000000001fb14000 JavaThread "ForkJoinPool.commonPool-worker-2" daemon [_thread_blocked, id=3576, stack(0x0000000026650000,0x0000000026750000)]
  0x000000001fb13000 JavaThread "WorkerExecutor Queue Thread 3" [_thread_blocked, id=17184, stack(0x0000000024d80000,0x0000000024e80000)]
  0x000000001fb11800 JavaThread "WorkerExecutor Queue Thread 2" [_thread_blocked, id=17728, stack(0x0000000024c80000,0x0000000024d80000)]
  0x000000001fb12800 JavaThread "stdout" [_thread_in_native, id=9724, stack(0x0000000024b80000,0x0000000024c80000)]
  0x000000001fb14800 JavaThread "stderr" [_thread_in_native, id=19584, stack(0x0000000024800000,0x0000000024900000)]
  0x000000001fb0d000 JavaThread "pool-4-thread-1" [_thread_blocked, id=16104, stack(0x0000000024a80000,0x0000000024b80000)]
  0x000000001fb11000 JavaThread "WorkerExecutor Queue" [_thread_blocked, id=2724, stack(0x0000000024980000,0x0000000024a80000)]
  0x000000001fb10000 JavaThread "Cache worker for execution history cache (D:\Sem5\SDL\SudoHelp_v2\SudoHelp\.gradle\5.4.1\executionHistory)" [_thread_blocked, id=5056, stack(0x0000000024700000,0x0000000024800000)]
  0x0000000019429000 JavaThread "Execution worker for ':' Thread 3" [_thread_in_Java, id=13888, stack(0x00000000243a0000,0x00000000244a0000)]
  0x0000000019428000 JavaThread "Execution worker for ':' Thread 2" [_thread_blocked, id=19592, stack(0x00000000242a0000,0x00000000243a0000)]
  0x000000001942d800 JavaThread "Execution worker for ':'" [_thread_in_vm, id=20564, stack(0x0000000023fa0000,0x00000000240a0000)]
  0x000000001cbf6800 JavaThread "Cache worker for file content cache (D:\Sem5\SDL\SudoHelp_v2\SudoHelp\.gradle\5.4.1\fileContent)" [_thread_blocked, id=14256, stack(0x0000000023ca0000,0x0000000023da0000)]
  0x000000001cbf4000 JavaThread "Cache worker for Build Output Cleanup Cache (D:\Sem5\SDL\SudoHelp_v2\SudoHelp\.gradle\buildOutputCleanup)" [_thread_blocked, id=9492, stack(0x0000000023510000,0x0000000023610000)]
  0x000000001cbf3800 JavaThread "Build operations Thread 4" [_thread_blocked, id=19084, stack(0x0000000020d00000,0x0000000020e00000)]
  0x000000001cbf5000 JavaThread "Build operations Thread 3" [_thread_blocked, id=17036, stack(0x0000000020c00000,0x0000000020d00000)]
  0x000000001cbf2000 JavaThread "Build operations Thread 2" [_thread_blocked, id=16668, stack(0x0000000020b00000,0x0000000020c00000)]
  0x000000001cbf2800 JavaThread "Build operations" [_thread_blocked, id=5664, stack(0x0000000020a00000,0x0000000020b00000)]
  0x000000001cbea000 JavaThread "Cache worker for cache directory md-rule (C:\Users\Anagha\.gradle\caches\5.4.1\md-rule)" [_thread_blocked, id=6448, stack(0x0000000020900000,0x0000000020a00000)]
  0x000000001cbf1000 JavaThread "Cache worker for cache directory md-supplier (C:\Users\Anagha\.gradle\caches\5.4.1\md-supplier)" [_thread_blocked, id=19188, stack(0x0000000020600000,0x0000000020700000)]
  0x000000001cbe9800 JavaThread "Cache worker for file hash cache (D:\Sem5\SDL\SudoHelp_v2\SudoHelp\.gradle\5.4.1\fileHashes)" [_thread_blocked, id=9120, stack(0x000000001f100000,0x000000001f200000)]
  0x000000001cbee000 JavaThread "Thread-36" [_thread_blocked, id=7972, stack(0x000000001e7a0000,0x000000001e8a0000)]
  0x000000001cbed800 JavaThread "Stdin handler" [_thread_blocked, id=21260, stack(0x000000001e6a0000,0x000000001e7a0000)]
  0x000000001cbeb800 JavaThread "Asynchronous log dispatcher for DefaultDaemonConnection: socket connection from /127.0.0.1:65300 to /127.0.0.1:65311" [_thread_blocked, id=18692, stack(0x000000001ae30000,0x000000001af30000)]
  0x000000001cbf0800 JavaThread "Cancel handler" [_thread_blocked, id=1784, stack(0x000000001aa30000,0x000000001ab30000)]
  0x000000001cbe8800 JavaThread "Handler for socket connection from /127.0.0.1:65300 to /127.0.0.1:65311" [_thread_in_native, id=18500, stack(0x000000001a730000,0x000000001a830000)]
  0x000000001cbef800 JavaThread "Cache worker for file content cache (C:\Users\Anagha\.gradle\caches\5.4.1\fileContent)" [_thread_blocked, id=5696, stack(0x0000000023110000,0x0000000023210000)]
  0x000000001cbe8000 JavaThread "Memory manager" [_thread_blocked, id=19192, stack(0x0000000020f60000,0x0000000021060000)]
  0x000000001cbec800 JavaThread "Cache worker for execution history cache (C:\Users\Anagha\.gradle\caches\5.4.1\executionHistory)" [_thread_blocked, id=15468, stack(0x0000000020e60000,0x0000000020f60000)]
  0x000000001942c000 JavaThread "Cache worker for journal cache (C:\Users\Anagha\.gradle\caches\journal-1)" [_thread_blocked, id=21212, stack(0x000000001b330000,0x000000001b430000)]
  0x000000001942c800 JavaThread "File lock request listener" [_thread_in_native, id=18024, stack(0x000000001b030000,0x000000001b130000)]
  0x000000001922c800 JavaThread "Cache worker for file hash cache (C:\Users\Anagha\.gradle\caches\5.4.1\fileHashes)" [_thread_blocked, id=15924, stack(0x000000001af30000,0x000000001b030000)]
  0x00000000189e2800 JavaThread "Daemon worker" [_thread_in_Java, id=17820, stack(0x000000001ab30000,0x000000001ac30000)]
  0x0000000018b2c800 JavaThread "Daemon" [_thread_blocked, id=1568, stack(0x000000001a630000,0x000000001a730000)]
  0x00000000181e3800 JavaThread "Daemon periodic checks" [_thread_blocked, id=9712, stack(0x000000001a530000,0x000000001a630000)]
  0x00000000191a6000 JavaThread "Incoming local TCP Connector on port 65300" [_thread_in_native, id=13592, stack(0x000000001a2f0000,0x000000001a3f0000)]
  0x00000000196eb000 JavaThread "Daemon health stats" [_thread_blocked, id=232, stack(0x0000000019cb0000,0x0000000019db0000)]
  0x00000000165ee800 JavaThread "Service Thread" daemon [_thread_blocked, id=21120, stack(0x00000000182e0000,0x00000000183e0000)]
  0x000000001659d800 JavaThread "C1 CompilerThread2" daemon [_thread_blocked, id=21076, stack(0x0000000017de0000,0x0000000017ee0000)]
  0x000000001658d000 JavaThread "C2 CompilerThread1" daemon [_thread_in_native, id=11672, stack(0x0000000017ce0000,0x0000000017de0000)]
=>0x0000000016589800 JavaThread "C2 CompilerThread0" daemon [_thread_in_native, id=12332, stack(0x0000000017be0000,0x0000000017ce0000)]
  0x0000000016597800 JavaThread "Attach Listener" daemon [_thread_blocked, id=6544, stack(0x0000000017ae0000,0x0000000017be0000)]
  0x0000000016596000 JavaThread "Signal Dispatcher" daemon [_thread_blocked, id=10540, stack(0x00000000179e0000,0x0000000017ae0000)]
  0x0000000002c1b800 JavaThread "Finalizer" daemon [_thread_blocked, id=14768, stack(0x00000000177e0000,0x00000000178e0000)]
  0x0000000016579000 JavaThread "Reference Handler" daemon [_thread_blocked, id=14852, stack(0x00000000176e0000,0x00000000177e0000)]
  0x0000000002b22800 JavaThread "main" [_thread_blocked, id=19776, stack(0x0000000002950000,0x0000000002a50000)]

Other Threads:
  0x0000000016558000 VMThread [stack: 0x00000000175e0000,0x00000000176e0000] [id=12824]
  0x0000000017f12800 WatcherThread [stack: 0x00000000183e0000,0x00000000184e0000] [id=11716]

VM state:not at safepoint (normal execution)

VM Mutex/Monitor currently owned by a thread: None

heap address: 0x00000000a0000000, size: 1536 MB, Compressed Oops mode: 32-bit
Narrow klass base: 0x0000000000000000, Narrow klass shift: 3
Compressed class space size: 1073741824 Address: 0x0000000100000000

Heap:
 PSYoungGen      total 486912K, used 344711K [0x00000000e0000000, 0x0000000100000000, 0x0000000100000000)
  eden space 449536K, 71% used [0x00000000e0000000,0x00000000f392ff30,0x00000000fb700000)
  from space 37376K, 64% used [0x00000000fdb80000,0x00000000ff2f1cf8,0x0000000100000000)
  to   space 37376K, 0% used [0x00000000fb700000,0x00000000fb700000,0x00000000fdb80000)
 ParOldGen       total 125952K, used 81624K [0x00000000a0000000, 0x00000000a7b00000, 0x00000000e0000000)
  object space 125952K, 64% used [0x00000000a0000000,0x00000000a4fb6138,0x00000000a7b00000)
 Metaspace       used 77401K, capacity 80348K, committed 80472K, reserved 1120256K
  class space    used 10007K, capacity 10614K, committed 10624K, reserved 1048576K

Card table byte_map: [0x0000000011fe0000,0x00000000122f0000] byte_map_base: 0x0000000011ae0000

Marking Bits: (ParMarkBitMap*) 0x000000005bf19f30
 Begin Bits: [0x00000000128f0000, 0x00000000140f0000)
 End Bits:   [0x00000000140f0000, 0x00000000158f0000)

Polling page: 0x0000000000bf0000

CodeCache: size=245760Kb used=44338Kb max_used=44529Kb free=201421Kb
 bounds [0x0000000002c20000, 0x0000000005840000, 0x0000000011c20000]
 total_blobs=13446 nmethods=12618 adapters=738
 compilation: enabled

Compilation events (10 events):
Event: 161.699 Thread 0x000000001658d000 13029       4       com.android.tools.r8.graph.DexDebugEventBuilder::a (1005 bytes)
Event: 161.699 Thread 0x000000001659d800 nmethod 15313 0x0000000004965f50 code [0x00000000049660e0, 0x0000000004966328]
Event: 161.759 Thread 0x000000001659d800 15314   !   2       java.nio.file.Files::isSymbolicLink (25 bytes)
Event: 161.759 Thread 0x000000001659d800 nmethod 15314 0x0000000004eeba10 code [0x0000000004eebba0, 0x0000000004eebf08]
Event: 161.832 Thread 0x000000001659d800 15317       2       com.android.tools.r8.ir.code.Q::e (11 bytes)
Event: 161.833 Thread 0x000000001659d800 nmethod 15317 0x00000000049c7a50 code [0x00000000049c7bc0, 0x00000000049c7d88]
Event: 161.833 Thread 0x000000001659d800 15318       2       com.android.tools.r8.code.MulIntLit8::<init> (8 bytes)
Event: 161.833 Thread 0x000000001659d800 nmethod 15318 0x0000000004eeb690 code [0x0000000004eeb800, 0x0000000004eeb968]
Event: 161.918 Thread 0x000000001659d800 15319       2       com.google.common.collect.FluentIterable$3::iterator (17 bytes)
Event: 161.919 Thread 0x000000001659d800 nmethod 15319 0x0000000004eeb110 code [0x0000000004eeb280, 0x0000000004eeb528]

GC Heap History (10 events):
Event: 151.779 GC heap before
{Heap before GC invocations=29 (full 3):
 PSYoungGen      total 455168K, used 443194K [0x00000000e0000000, 0x0000000100000000, 0x0000000100000000)
  eden space 420864K, 100% used [0x00000000e0000000,0x00000000f9b00000,0x00000000f9b00000)
  from space 34304K, 65% used [0x00000000f9b00000,0x00000000fb0cea40,0x00000000fbc80000)
  to   space 34816K, 0% used [0x00000000fde00000,0x00000000fde00000,0x0000000100000000)
 ParOldGen       total 125952K, used 72193K [0x00000000a0000000, 0x00000000a7b00000, 0x00000000e0000000)
  object space 125952K, 57% used [0x00000000a0000000,0x00000000a4680678,0x00000000a7b00000)
 Metaspace       used 77113K, capacity 80084K, committed 80216K, reserved 1118208K
  class space    used 9984K, capacity 10576K, committed 10624K, reserved 1048576K
Event: 151.824 GC heap after
Heap after GC invocations=29 (full 3):
 PSYoungGen      total 488448K, used 11387K [0x00000000e0000000, 0x00000000ffe80000, 0x0000000100000000)
  eden space 455168K, 0% used [0x00000000e0000000,0x00000000e0000000,0x00000000fbc80000)
  from space 33280K, 34% used [0x00000000fde00000,0x00000000fe91ed88,0x00000000ffe80000)
  to   space 33792K, 0% used [0x00000000fbc80000,0x00000000fbc80000,0x00000000fdd80000)
 ParOldGen       total 125952K, used 79496K [0x00000000a0000000, 0x00000000a7b00000, 0x00000000e0000000)
  object space 125952K, 63% used [0x00000000a0000000,0x00000000a4da2128,0x00000000a7b00000)
 Metaspace       used 77113K, capacity 80084K, committed 80216K, reserved 1118208K
  class space    used 9984K, capacity 10576K, committed 10624K, reserved 1048576K
}
Event: 154.066 GC heap before
{Heap before GC invocations=30 (full 3):
 PSYoungGen      total 488448K, used 466555K [0x00000000e0000000, 0x00000000ffe80000, 0x0000000100000000)
  eden space 455168K, 100% used [0x00000000e0000000,0x00000000fbc80000,0x00000000fbc80000)
  from space 33280K, 34% used [0x00000000fde00000,0x00000000fe91ed88,0x00000000ffe80000)
  to   space 33792K, 0% used [0x00000000fbc80000,0x00000000fbc80000,0x00000000fdd80000)
 ParOldGen       total 125952K, used 79496K [0x00000000a0000000, 0x00000000a7b00000, 0x00000000e0000000)
  object space 125952K, 63% used [0x00000000a0000000,0x00000000a4da2128,0x00000000a7b00000)
 Metaspace       used 77158K, capacity 80096K, committed 80216K, reserved 1118208K
  class space    used 9985K, capacity 10578K, committed 10624K, reserved 1048576K
Event: 154.142 GC heap after
Heap after GC invocations=30 (full 3):
 PSYoungGen      total 488960K, used 18243K [0x00000000e0000000, 0x00000000ffe80000, 0x0000000100000000)
  eden space 455168K, 0% used [0x00000000e0000000,0x00000000e0000000,0x00000000fbc80000)
  from space 33792K, 53% used [0x00000000fbc80000,0x00000000fce50e88,0x00000000fdd80000)
  to   space 32768K, 0% used [0x00000000fde80000,0x00000000fde80000,0x00000000ffe80000)
 ParOldGen       total 125952K, used 81296K [0x00000000a0000000, 0x00000000a7b00000, 0x00000000e0000000)
  object space 125952K, 64% used [0x00000000a0000000,0x00000000a4f64138,0x00000000a7b00000)
 Metaspace       used 77158K, capacity 80096K, committed 80216K, reserved 1118208K
  class space    used 9985K, capacity 10578K, committed 10624K, reserved 1048576K
}
Event: 155.308 GC heap before
{Heap before GC invocations=31 (full 3):
 PSYoungGen      total 488960K, used 473411K [0x00000000e0000000, 0x00000000ffe80000, 0x0000000100000000)
  eden space 455168K, 100% used [0x00000000e0000000,0x00000000fbc80000,0x00000000fbc80000)
  from space 33792K, 53% used [0x00000000fbc80000,0x00000000fce50e88,0x00000000fdd80000)
  to   space 32768K, 0% used [0x00000000fde80000,0x00000000fde80000,0x00000000ffe80000)
 ParOldGen       total 125952K, used 81296K [0x00000000a0000000, 0x00000000a7b00000, 0x00000000e0000000)
  object space 125952K, 64% used [0x00000000a0000000,0x00000000a4f64138,0x00000000a7b00000)
 Metaspace       used 77169K, capacity 80100K, committed 80216K, reserved 1118208K
  class space    used 9985K, capacity 10578K, committed 10624K, reserved 1048576K
Event: 155.349 GC heap after
Heap after GC invocations=31 (full 3):
 PSYoungGen      total 488448K, used 24995K [0x00000000e0000000, 0x0000000100000000, 0x0000000100000000)
  eden space 455680K, 0% used [0x00000000e0000000,0x00000000e0000000,0x00000000fbd00000)
  from space 32768K, 76% used [0x00000000fde80000,0x00000000ff6e8fb8,0x00000000ffe80000)
  to   space 34304K, 0% used [0x00000000fbd00000,0x00000000fbd00000,0x00000000fde80000)
 ParOldGen       total 125952K, used 81440K [0x00000000a0000000, 0x00000000a7b00000, 0x00000000e0000000)
  object space 125952K, 64% used [0x00000000a0000000,0x00000000a4f88138,0x00000000a7b00000)
 Metaspace       used 77169K, capacity 80100K, committed 80216K, reserved 1118208K
  class space    used 9985K, capacity 10578K, committed 10624K, reserved 1048576K
}
Event: 157.055 GC heap before
{Heap before GC invocations=32 (full 3):
 PSYoungGen      total 488448K, used 480675K [0x00000000e0000000, 0x0000000100000000, 0x0000000100000000)
  eden space 455680K, 100% used [0x00000000e0000000,0x00000000fbd00000,0x00000000fbd00000)
  from space 32768K, 76% used [0x00000000fde80000,0x00000000ff6e8fb8,0x00000000ffe80000)
  to   space 34304K, 0% used [0x00000000fbd00000,0x00000000fbd00000,0x00000000fde80000)
 ParOldGen       total 125952K, used 81440K [0x00000000a0000000, 0x00000000a7b00000, 0x00000000e0000000)
  object space 125952K, 64% used [0x00000000a0000000,0x00000000a4f88138,0x00000000a7b00000)
 Metaspace       used 77178K, capacity 80100K, committed 80216K, reserved 1118208K
  class space    used 9985K, capacity 10578K, committed 10624K, reserved 1048576K
Event: 157.109 GC heap after
Heap after GC invocations=32 (full 3):
 PSYoungGen      total 485888K, used 29893K [0x00000000e0000000, 0x0000000100000000, 0x0000000100000000)
  eden space 455680K, 0% used [0x00000000e0000000,0x00000000e0000000,0x00000000fbd00000)
  from space 30208K, 98% used [0x00000000fbd00000,0x00000000fda31410,0x00000000fda80000)
  to   space 37376K, 0% used [0x00000000fdb80000,0x00000000fdb80000,0x0000000100000000)
 ParOldGen       total 125952K, used 81528K [0x00000000a0000000, 0x00000000a7b00000, 0x00000000e0000000)
  object space 125952K, 64% used [0x00000000a0000000,0x00000000a4f9e138,0x00000000a7b00000)
 Metaspace       used 77178K, capacity 80100K, committed 80216K, reserved 1118208K
  class space    used 9985K, capacity 10578K, committed 10624K, reserved 1048576K
}
Event: 159.285 GC heap before
{Heap before GC invocations=33 (full 3):
 PSYoungGen      total 485888K, used 485573K [0x00000000e0000000, 0x0000000100000000, 0x0000000100000000)
  eden space 455680K, 100% used [0x00000000e0000000,0x00000000fbd00000,0x00000000fbd00000)
  from space 30208K, 98% used [0x00000000fbd00000,0x00000000fda31410,0x00000000fda80000)
  to   space 37376K, 0% used [0x00000000fdb80000,0x00000000fdb80000,0x0000000100000000)
 ParOldGen       total 125952K, used 81528K [0x00000000a0000000, 0x00000000a7b00000, 0x00000000e0000000)
  object space 125952K, 64% used [0x00000000a0000000,0x00000000a4f9e138,0x00000000a7b00000)
 Metaspace       used 77197K, capacity 80100K, committed 80216K, reserved 1118208K
  class space    used 9985K, capacity 10578K, committed 10624K, reserved 1048576K
Event: 159.314 GC heap after
Heap after GC invocations=33 (full 3):
 PSYoungGen      total 486912K, used 24007K [0x00000000e0000000, 0x0000000100000000, 0x0000000100000000)
  eden space 449536K, 0% used [0x00000000e0000000,0x00000000e0000000,0x00000000fb700000)
  from space 37376K, 64% used [0x00000000fdb80000,0x00000000ff2f1cf8,0x0000000100000000)
  to   space 37376K, 0% used [0x00000000fb700000,0x00000000fb700000,0x00000000fdb80000)
 ParOldGen       total 125952K, used 81624K [0x00000000a0000000, 0x00000000a7b00000, 0x00000000e0000000)
  object space 125952K, 64% used [0x00000000a0000000,0x00000000a4fb6138,0x00000000a7b00000)
 Metaspace       used 77197K, capacity 80100K, committed 80216K, reserved 1118208K
  class space    used 9985K, capacity 10578K, committed 10624K, reserved 1048576K
}

Deoptimization events (10 events):
Event: 153.174 Thread 0x00000000189e2800 Uncommon trap: reason=unstable_if action=reinterpret pc=0x00000000030d0140 method=java.util.concurrent.ConcurrentHashMap.transfer([Ljava/util/concurrent/ConcurrentHashMap$Node;[Ljava/util/concurrent/ConcurrentHashMap$Node;)V @ 356
Event: 153.176 Thread 0x00000000189e2800 Uncommon trap: reason=unstable_if action=reinterpret pc=0x00000000030cc44c method=java.util.concurrent.ConcurrentHashMap.transfer([Ljava/util/concurrent/ConcurrentHashMap$Node;[Ljava/util/concurrent/ConcurrentHashMap$Node;)V @ 356
Event: 153.809 Thread 0x00000000189e2800 Uncommon trap: reason=unstable_if action=reinterpret pc=0x00000000041cfb8c method=com.android.tools.r8.graph.DexString.<init>(Ljava/lang/String;)V @ 39
Event: 153.878 Thread 0x0000000019428000 Uncommon trap: reason=unstable_if action=reinterpret pc=0x00000000035bbab4 method=com.android.tools.r8.ir.regalloc.a.a(ILcom/android/tools/r8/ir/regalloc/a$a;)Z @ 73
Event: 154.959 Thread 0x0000000019428000 Uncommon trap: reason=class_check action=maybe_recompile pc=0x0000000004de8cd8 method=com.android.tools.r8.ir.conversion.U.a(Lcom/android/tools/r8/ir/conversion/T;)Z @ 4
Event: 158.394 Thread 0x0000000019429000 Uncommon trap: reason=unstable_if action=reinterpret pc=0x00000000053c6460 method=com.android.tools.r8.ir.optimize.z.a(Lcom/android/tools/r8/ir/code/Instruction;)Z @ 138
Event: 158.815 Thread 0x00000000189e2800 Uncommon trap: reason=unstable_if action=reinterpret pc=0x000000000566b608 method=java.util.HashMap$TreeNode.find(ILjava/lang/Object;Ljava/lang/Class;)Ljava/util/HashMap$TreeNode; @ 155
Event: 159.461 Thread 0x0000000019428000 Uncommon trap: reason=unstable_if action=reinterpret pc=0x000000000367c504 method=java.lang.AbstractStringBuilder.append(I)Ljava/lang/AbstractStringBuilder; @ 16
Event: 159.772 Thread 0x000000001fb10000 Uncommon trap: reason=predicate action=maybe_recompile pc=0x0000000004026908 method=java.util.Collections.indexedBinarySearch(Ljava/util/List;Ljava/lang/Object;)I @ 16
Event: 160.048 Thread 0x0000000019428000 Uncommon trap: reason=unstable_if action=reinterpret pc=0x0000000002ed52f0 method=java.io.WinNTFileSystem.resolve(Ljava/lang/String;Ljava/lang/String;)Ljava/lang/String; @ 36

Classes redefined (0 events):
No events

Internal exceptions (10 events):
Event: 153.543 Thread 0x000000001942d800 Exception <a 'sun/nio/fs/WindowsException'> (0x00000000f27fd3a8) thrown at [D:\src\AOSP-openjdk-cygwin\jdk8u\hotspot\src\share\vm\prims\jni.cpp, line 710]
Event: 153.619 Thread 0x0000000019429000 Exception <a 'sun/nio/fs/WindowsException'> (0x00000000f2fd4c50) thrown at [D:\src\AOSP-openjdk-cygwin\jdk8u\hotspot\src\share\vm\prims\jni.cpp, line 710]
Event: 153.758 Thread 0x0000000019429000 Exception <a 'sun/nio/fs/WindowsException'> (0x00000000f4dc9180) thrown at [D:\src\AOSP-openjdk-cygwin\jdk8u\hotspot\src\share\vm\prims\jni.cpp, line 710]
Event: 154.554 Thread 0x000000001942d800 Exception <a 'sun/nio/fs/WindowsException'> (0x00000000e8f56dc0) thrown at [D:\src\AOSP-openjdk-cygwin\jdk8u\hotspot\src\share\vm\prims\jni.cpp, line 710]
Event: 154.692 Thread 0x000000001942d800 Exception <a 'sun/nio/fs/WindowsException'> (0x00000000ea4f30f0) thrown at [D:\src\AOSP-openjdk-cygwin\jdk8u\hotspot\src\share\vm\prims\jni.cpp, line 710]
Event: 154.939 Thread 0x000000001942d800 Exception <a 'sun/nio/fs/WindowsException'> (0x00000000f2306470) thrown at [D:\src\AOSP-openjdk-cygwin\jdk8u\hotspot\src\share\vm\prims\jni.cpp, line 710]
Event: 155.134 Thread 0x0000000019429000 Exception <a 'sun/nio/fs/WindowsException'> (0x00000000f6c44a60) thrown at [D:\src\AOSP-openjdk-cygwin\jdk8u\hotspot\src\share\vm\prims\jni.cpp, line 710]
Event: 155.800 Thread 0x000000001942d800 Exception <a 'sun/nio/fs/WindowsException'> (0x00000000e60f8b20) thrown at [D:\src\AOSP-openjdk-cygwin\jdk8u\hotspot\src\share\vm\prims\jni.cpp, line 710]
Event: 158.283 Thread 0x0000000019428000 Exception <a 'sun/nio/fs/WindowsException'> (0x00000000f1296e20) thrown at [D:\src\AOSP-openjdk-cygwin\jdk8u\hotspot\src\share\vm\prims\jni.cpp, line 710]
Event: 159.945 Thread 0x0000000019428000 Exception <a 'java/lang/NoSuchMethodError': <clinit>> (0x00000000e49241d0) thrown at [D:\src\AOSP-openjdk-cygwin\jdk8u\hotspot\src\share\vm\prims\jni.cpp, line 1614]

Events (10 events):
Event: 161.879 Thread 0x0000000019429000 DEOPT PACKING pc=0x00000000057cfa06 sp=0x000000002449ac30
Event: 161.879 Thread 0x0000000019429000 DEOPT UNPACKING pc=0x0000000002c675d0 sp=0x000000002449aab0 mode 0
Event: 161.883 Thread 0x00000000189e2800 DEOPT PACKING pc=0x0000000004ce9d59 sp=0x000000001ac281d0
Event: 161.883 Thread 0x00000000189e2800 DEOPT UNPACKING pc=0x0000000002c675d0 sp=0x000000001ac28088 mode 0
Event: 161.900 Thread 0x000000001942d800 DEOPT PACKING pc=0x00000000056e5dd2 sp=0x000000002409afc0
Event: 161.901 Thread 0x000000001942d800 DEOPT UNPACKING pc=0x0000000002c675d0 sp=0x000000002409adb0 mode 0
Event: 161.903 Thread 0x00000000189e2800 DEOPT PACKING pc=0x0000000004ce9d59 sp=0x000000001ac281d0
Event: 161.903 Thread 0x00000000189e2800 DEOPT UNPACKING pc=0x0000000002c675d0 sp=0x000000001ac28088 mode 0
Event: 161.932 Thread 0x0000000019429000 DEOPT PACKING pc=0x00000000057cf96a sp=0x000000002449ae20
Event: 161.932 Thread 0x0000000019429000 DEOPT UNPACKING pc=0x0000000002c675d0 sp=0x000000002449aca0 mode 0


Dynamic libraries:
0x00007ff6aac30000 - 0x00007ff6aac61000 	C:\Program Files\Android\Android Studio\jre\bin\java.exe
0x00007fffabe80000 - 0x00007fffac070000 	C:\WINDOWS\SYSTEM32\ntdll.dll
0x00007fff8a7d0000 - 0x00007fff8a7e4000 	C:\Program Files\AVAST Software\Avast\aswhook.dll
0x00007fffaafa0000 - 0x00007fffab052000 	C:\WINDOWS\System32\KERNEL32.DLL
0x00007fffa8e10000 - 0x00007fffa90b3000 	C:\WINDOWS\System32\KERNELBASE.dll
0x00007fffaac90000 - 0x00007fffaad33000 	C:\WINDOWS\System32\ADVAPI32.dll
0x00007fffaadc0000 - 0x00007fffaae5e000 	C:\WINDOWS\System32\msvcrt.dll
0x00007fffab100000 - 0x00007fffab197000 	C:\WINDOWS\System32\sechost.dll
0x00007fffaa750000 - 0x00007fffaa870000 	C:\WINDOWS\System32\RPCRT4.dll
0x00007fffa9f90000 - 0x00007fffaa123000 	C:\WINDOWS\System32\USER32.dll
0x00007fffa9d80000 - 0x00007fffa9da1000 	C:\WINDOWS\System32\win32u.dll
0x00007fffaa130000 - 0x00007fffaa156000 	C:\WINDOWS\System32\GDI32.dll
0x00007fffa9be0000 - 0x00007fffa9d74000 	C:\WINDOWS\System32\gdi32full.dll
0x00007fffa9e90000 - 0x00007fffa9f2e000 	C:\WINDOWS\System32\msvcp_win.dll
0x00007fffa92e0000 - 0x00007fffa93da000 	C:\WINDOWS\System32\ucrtbase.dll
0x00007fff9b960000 - 0x00007fff9bbe5000 	C:\WINDOWS\WinSxS\amd64_microsoft.windows.common-controls_6595b64144ccf1df_6.0.18362.356_none_e6c4af7d130f27cc\COMCTL32.dll
0x00007fffaa920000 - 0x00007fffaac56000 	C:\WINDOWS\System32\combase.dll
0x00007fffa93e0000 - 0x00007fffa9460000 	C:\WINDOWS\System32\bcryptPrimitives.dll
0x00007fffaac60000 - 0x00007fffaac8e000 	C:\WINDOWS\System32\IMM32.DLL
0x000000005c190000 - 0x000000005c262000 	C:\Program Files\Android\Android Studio\jre\jre\bin\msvcr100.dll
0x000000005b750000 - 0x000000005bf96000 	C:\Program Files\Android\Android Studio\jre\jre\bin\server\jvm.dll
0x00007fffab070000 - 0x00007fffab078000 	C:\WINDOWS\System32\PSAPI.DLL
0x00007fff9eb00000 - 0x00007fff9eb09000 	C:\WINDOWS\SYSTEM32\WSOCK32.dll
0x00007fffab1c0000 - 0x00007fffab22f000 	C:\WINDOWS\System32\WS2_32.dll
0x00007fff9f890000 - 0x00007fff9f8b4000 	C:\WINDOWS\SYSTEM32\WINMM.dll
0x00007fffa1840000 - 0x00007fffa184a000 	C:\WINDOWS\SYSTEM32\VERSION.dll
0x00007fff9f5e0000 - 0x00007fff9f60d000 	C:\WINDOWS\SYSTEM32\WINMMBASE.dll
0x00007fffa9db0000 - 0x00007fffa9dfa000 	C:\WINDOWS\System32\cfgmgr32.dll
0x00007fffa6bc0000 - 0x00007fffa6bcf000 	C:\Program Files\Android\Android Studio\jre\jre\bin\verify.dll
0x00007fffa2190000 - 0x00007fffa21b9000 	C:\Program Files\Android\Android Studio\jre\jre\bin\java.dll
0x00007fffa2170000 - 0x00007fffa2186000 	C:\Program Files\Android\Android Studio\jre\jre\bin\zip.dll
0x00007fffab590000 - 0x00007fffabc75000 	C:\WINDOWS\System32\SHELL32.dll
0x00007fffaa160000 - 0x00007fffaa209000 	C:\WINDOWS\System32\shcore.dll
0x00007fffa9460000 - 0x00007fffa9bde000 	C:\WINDOWS\System32\windows.storage.dll
0x00007fffa8da0000 - 0x00007fffa8dbf000 	C:\WINDOWS\System32\profapi.dll
0x00007fffa8dc0000 - 0x00007fffa8e0a000 	C:\WINDOWS\System32\powrprof.dll
0x00007fffa8d50000 - 0x00007fffa8d60000 	C:\WINDOWS\System32\UMPDC.dll
0x00007fffaa6f0000 - 0x00007fffaa742000 	C:\WINDOWS\System32\shlwapi.dll
0x00007fffa8d60000 - 0x00007fffa8d71000 	C:\WINDOWS\System32\kernel.appcore.dll
0x00007fffa9210000 - 0x00007fffa9227000 	C:\WINDOWS\System32\cryptsp.dll
0x00007fffa2150000 - 0x00007fffa216a000 	C:\Program Files\Android\Android Studio\jre\jre\bin\net.dll
0x00007fffa85c0000 - 0x00007fffa8627000 	C:\WINDOWS\system32\mswsock.dll
0x00007fff9e5c0000 - 0x00007fff9e5d1000 	C:\Program Files\Android\Android Studio\jre\jre\bin\nio.dll
0x00007fff80c20000 - 0x00007fff80c46000 	C:\Users\Anagha\.gradle\native\29\windows-amd64\native-platform.dll
0x00007fffa6b40000 - 0x00007fffa6b4d000 	C:\Program Files\Android\Android Studio\jre\jre\bin\management.dll
0x00007fffa8130000 - 0x00007fffa8163000 	C:\WINDOWS\system32\rsaenh.dll
0x00007fffa9e60000 - 0x00007fffa9e86000 	C:\WINDOWS\System32\bcrypt.dll
0x00007fffa8c70000 - 0x00007fffa8c95000 	C:\WINDOWS\SYSTEM32\USERENV.dll
0x00007fffa8790000 - 0x00007fffa879c000 	C:\WINDOWS\SYSTEM32\CRYPTBASE.dll
0x00007fffa82d0000 - 0x00007fffa830a000 	C:\WINDOWS\SYSTEM32\IPHLPAPI.DLL
0x00007fffab230000 - 0x00007fffab238000 	C:\WINDOWS\System32\NSI.dll
0x00007fffa1890000 - 0x00007fffa18a6000 	C:\WINDOWS\SYSTEM32\dhcpcsvc6.DLL
0x00007fffa1870000 - 0x00007fffa188c000 	C:\WINDOWS\SYSTEM32\dhcpcsvc.DLL
0x00007fffa8320000 - 0x00007fffa83ea000 	C:\WINDOWS\SYSTEM32\DNSAPI.dll

VM Arguments:
jvm_args: -Xmx1536m -Dfile.encoding=windows-1252 -Duser.country=US -Duser.language=en -Duser.variant 
java_command: org.gradle.launcher.daemon.bootstrap.GradleDaemon 5.4.1
java_class_path (initial): C:\Users\Anagha\.gradle\wrapper\dists\gradle-5.4.1-all\3221gyojl5jsh0helicew7rwx\gradle-5.4.1\lib\gradle-launcher-5.4.1.jar
Launcher Type: SUN_STANDARD

Environment Variables:
JAVA_HOME=C:\Program Files\Java\jdk-10.0.1
USERNAME=Anagha
OS=Windows_NT
PROCESSOR_IDENTIFIER=Intel64 Family 6 Model 142 Stepping 9, GenuineIntel



---------------  S Y S T E M  ---------------

OS: Windows 10.0 , 64 bit Build 18362 (10.0.18362.329)

CPU:total 4 (initial active 4) (2 cores per cpu, 2 threads per core) family 6 model 142 stepping 9, cmov, cx8, fxsr, mmx, sse, sse2, sse3, ssse3, sse4.1, sse4.2, popcnt, avx, avx2, aes, clmul, erms, 3dnowpref, lzcnt, ht, tsc, tscinvbit, bmi1, bmi2, adx

Memory: 4k page, physical 8251788k(607688k free), swap 8251788k(4920k free)

vm_info: OpenJDK 64-Bit Server VM (25.202-b03) for windows-amd64 JRE (1.8.0_202-release-1483-b03), built by "builder" with MS VC++ 10.0 (VS2010)

time: Mon Oct 07 23:34:00 2019
timezone: India Standard Time
elapsed time: 161 seconds (0d 0h 2m 41s)

